<?xml version="1.0" encoding="UTF-8"?>
<!-- Generated by org.testng.reporters.JUnitReportReporter -->
<testsuite hostname="LTIN341740" failures="0" tests="4" name="com.UrbanLadder.test.Urban_Ladder_Main" time="66.684" errors="0" timestamp="2022-01-11T14:17:16 IST" skipped="0">
  <testcase classname="com.UrbanLadder.test.Urban_Ladder_Main" name="BookShelves" time="28.279"/>
  <system-out/>
  <testcase classname="com.UrbanLadder.test.Urban_Ladder_Main" name="collection" time="7.225"/>
  <system-out/>
  <testcase classname="com.UrbanLadder.test.Urban_Ladder_Main" name="study" time="11.604"/>
  <system-out/>
  <testcase classname="com.UrbanLadder.test.Urban_Ladder_Main" name="giftcards" time="19.576"/>
  <system-out/>
</testsuite> <!-- com.UrbanLadder.test.Urban_Ladder_Main -->
